2019-04-15 22:54:20,989 - INFO - allennlp.common.from_params - instantiating class <class 'allennlp.data.dataset_readers.dataset_reader.DatasetReader'> from params {'type': 'names'} and extras {}
2019-04-15 22:54:20,989 - INFO - allennlp.common.params - dataset_reader.type = names
2019-04-15 22:54:20,990 - INFO - allennlp.common.from_params - instantiating class <class 'mylib.DatasetReaders.DatasetReader.NamesDatasetReader'> from params {} and extras {}
2019-04-15 22:54:20,990 - INFO - allennlp.common.params - dataset_reader.lazy = False
2019-04-15 22:54:20,990 - INFO - allennlp.common.params - validation_dataset_reader = None
2019-04-15 22:54:20,990 - INFO - allennlp.common.params - train_data_path = ./data/names/*.txt
2019-04-15 22:54:20,990 - INFO - allennlp.commands.train - Reading training data from ./data/names/*.txt
2019-04-15 22:54:21,039 - INFO - allennlp.common.params - validation_data_path = ./data/names/*.txt
2019-04-15 22:54:21,039 - INFO - allennlp.commands.train - Reading validation data from ./data/names/*.txt
2019-04-15 22:54:21,087 - INFO - allennlp.common.params - test_data_path = None
2019-04-15 22:54:21,087 - INFO - allennlp.commands.train - From dataset instances, train, validation will be considered for vocabulary creation.
2019-04-15 22:54:21,087 - INFO - allennlp.common.params - vocabulary.type = None
2019-04-15 22:54:21,087 - INFO - allennlp.common.params - vocabulary.extend = False
2019-04-15 22:54:21,087 - INFO - allennlp.common.params - vocabulary.directory_path = None
2019-04-15 22:54:21,087 - INFO - allennlp.common.params - vocabulary.min_count = None
2019-04-15 22:54:21,087 - INFO - allennlp.common.params - vocabulary.max_vocab_size = None
2019-04-15 22:54:21,087 - INFO - allennlp.common.params - vocabulary.non_padded_namespaces = ('*tags', '*labels')
2019-04-15 22:54:21,087 - INFO - allennlp.common.params - vocabulary.min_pretrained_embeddings = None
2019-04-15 22:54:21,088 - INFO - allennlp.common.params - vocabulary.only_include_pretrained_words = False
2019-04-15 22:54:21,088 - INFO - allennlp.common.params - vocabulary.tokens_to_add = None
2019-04-15 22:54:21,088 - INFO - allennlp.data.vocabulary - Fitting token dictionary from dataset.
2019-04-15 22:54:21,088 - INFO - allennlp.common.from_params - instantiating class <class 'allennlp.models.model.Model'> from params {'classifier_feedforward': {'activations': ['relu', 'linear'], 'hidden_dims': [32, 18], 'input_dim': 32, 'num_layers': 2}, 'name_encoder': {'bidirectional': False, 'hidden_size': 32, 'input_size': 32, 'num_layers': 1, 'type': 'rnn'}, 'text_field_embedder': {'token_embedders': {'tokens': {'embedding_dim': 32, 'type': 'embedding'}}}, 'type': 'name_model'} and extras {'vocab': <allennlp.data.vocabulary.Vocabulary object at 0x7f64fb61afd0>}
2019-04-15 22:54:21,088 - INFO - allennlp.common.params - model.type = name_model
2019-04-15 22:54:21,088 - INFO - allennlp.common.from_params - instantiating class <class 'mylib.Models.name_model.nameClassifier'> from params {'classifier_feedforward': {'activations': ['relu', 'linear'], 'hidden_dims': [32, 18], 'input_dim': 32, 'num_layers': 2}, 'name_encoder': {'bidirectional': False, 'hidden_size': 32, 'input_size': 32, 'num_layers': 1, 'type': 'rnn'}, 'text_field_embedder': {'token_embedders': {'tokens': {'embedding_dim': 32, 'type': 'embedding'}}}} and extras {'vocab': <allennlp.data.vocabulary.Vocabulary object at 0x7f64fb61afd0>}
2019-04-15 22:54:21,089 - INFO - allennlp.common.from_params - instantiating class <class 'allennlp.modules.text_field_embedders.text_field_embedder.TextFieldEmbedder'> from params {'token_embedders': {'tokens': {'embedding_dim': 32, 'type': 'embedding'}}} and extras {'vocab': <allennlp.data.vocabulary.Vocabulary object at 0x7f64fb61afd0>}
2019-04-15 22:54:21,089 - INFO - allennlp.common.params - model.text_field_embedder.type = basic
2019-04-15 22:54:21,089 - INFO - allennlp.common.params - model.text_field_embedder.embedder_to_indexer_map = None
2019-04-15 22:54:21,089 - INFO - allennlp.common.params - model.text_field_embedder.allow_unmatched_keys = False
2019-04-15 22:54:21,089 - INFO - allennlp.common.from_params - instantiating class <class 'allennlp.modules.token_embedders.token_embedder.TokenEmbedder'> from params {'embedding_dim': 32, 'type': 'embedding'} and extras {'vocab': <allennlp.data.vocabulary.Vocabulary object at 0x7f64fb61afd0>}
2019-04-15 22:54:21,089 - INFO - allennlp.common.params - model.text_field_embedder.token_embedders.tokens.type = embedding
2019-04-15 22:54:21,089 - INFO - allennlp.common.params - model.text_field_embedder.token_embedders.tokens.num_embeddings = None
2019-04-15 22:54:21,089 - INFO - allennlp.common.params - model.text_field_embedder.token_embedders.tokens.vocab_namespace = tokens
2019-04-15 22:54:21,089 - INFO - allennlp.common.params - model.text_field_embedder.token_embedders.tokens.embedding_dim = 32
2019-04-15 22:54:21,089 - INFO - allennlp.common.params - model.text_field_embedder.token_embedders.tokens.pretrained_file = None
2019-04-15 22:54:21,089 - INFO - allennlp.common.params - model.text_field_embedder.token_embedders.tokens.projection_dim = None
2019-04-15 22:54:21,089 - INFO - allennlp.common.params - model.text_field_embedder.token_embedders.tokens.trainable = True
2019-04-15 22:54:21,089 - INFO - allennlp.common.params - model.text_field_embedder.token_embedders.tokens.padding_index = None
2019-04-15 22:54:21,089 - INFO - allennlp.common.params - model.text_field_embedder.token_embedders.tokens.max_norm = None
2019-04-15 22:54:21,090 - INFO - allennlp.common.params - model.text_field_embedder.token_embedders.tokens.norm_type = 2.0
2019-04-15 22:54:21,090 - INFO - allennlp.common.params - model.text_field_embedder.token_embedders.tokens.scale_grad_by_freq = False
2019-04-15 22:54:21,090 - INFO - allennlp.common.params - model.text_field_embedder.token_embedders.tokens.sparse = False
2019-04-15 22:54:21,090 - INFO - allennlp.common.from_params - instantiating class <class 'allennlp.modules.seq2vec_encoders.seq2vec_encoder.Seq2VecEncoder'> from params {'bidirectional': False, 'hidden_size': 32, 'input_size': 32, 'num_layers': 1, 'type': 'rnn'} and extras {'vocab': <allennlp.data.vocabulary.Vocabulary object at 0x7f64fb61afd0>}
2019-04-15 22:54:21,090 - INFO - allennlp.common.params - model.name_encoder.type = rnn
2019-04-15 22:54:21,090 - INFO - allennlp.common.params - model.name_encoder.batch_first = True
2019-04-15 22:54:21,090 - INFO - allennlp.common.params - Converting Params object to dict; logging of default values will not occur when dictionary parameters are used subsequently.
2019-04-15 22:54:21,090 - INFO - allennlp.common.params - CURRENTLY DEFINED PARAMETERS: 
2019-04-15 22:54:21,090 - INFO - allennlp.common.params - model.name_encoder.bidirectional = False
2019-04-15 22:54:21,090 - INFO - allennlp.common.params - model.name_encoder.hidden_size = 32
2019-04-15 22:54:21,091 - INFO - allennlp.common.params - model.name_encoder.input_size = 32
2019-04-15 22:54:21,091 - INFO - allennlp.common.params - model.name_encoder.num_layers = 1
2019-04-15 22:54:21,091 - INFO - allennlp.common.params - model.name_encoder.batch_first = True
2019-04-15 22:54:21,091 - INFO - allennlp.common.params - model.classifier_feedforward.input_dim = 32
2019-04-15 22:54:21,091 - INFO - allennlp.common.params - model.classifier_feedforward.num_layers = 2
2019-04-15 22:54:21,091 - INFO - allennlp.common.params - model.classifier_feedforward.hidden_dims = [32, 18]
2019-04-15 22:54:21,091 - INFO - allennlp.common.params - model.classifier_feedforward.activations = ['relu', 'linear']
2019-04-15 22:54:21,091 - INFO - allennlp.common.params - model.classifier_feedforward.dropout = 0.0
2019-04-15 22:54:21,091 - INFO - allennlp.common.registrable - instantiating registered subclass relu of <class 'allennlp.nn.activations.Activation'>
2019-04-15 22:54:21,091 - INFO - allennlp.common.registrable - instantiating registered subclass linear of <class 'allennlp.nn.activations.Activation'>
2019-04-15 22:54:21,092 - INFO - allennlp.nn.initializers - Initializing parameters
2019-04-15 22:54:21,092 - INFO - allennlp.nn.initializers - Done initializing parameters; the following parameters are using their default initialization from their code
2019-04-15 22:54:21,092 - INFO - allennlp.nn.initializers -    classifier_feedforward._linear_layers.0.bias
2019-04-15 22:54:21,092 - INFO - allennlp.nn.initializers -    classifier_feedforward._linear_layers.0.weight
2019-04-15 22:54:21,092 - INFO - allennlp.nn.initializers -    classifier_feedforward._linear_layers.1.bias
2019-04-15 22:54:21,092 - INFO - allennlp.nn.initializers -    classifier_feedforward._linear_layers.1.weight
2019-04-15 22:54:21,092 - INFO - allennlp.nn.initializers -    name_encoder._module.bias_hh_l0
2019-04-15 22:54:21,092 - INFO - allennlp.nn.initializers -    name_encoder._module.bias_ih_l0
2019-04-15 22:54:21,092 - INFO - allennlp.nn.initializers -    name_encoder._module.weight_hh_l0
2019-04-15 22:54:21,092 - INFO - allennlp.nn.initializers -    name_encoder._module.weight_ih_l0
2019-04-15 22:54:21,092 - INFO - allennlp.nn.initializers -    text_field_embedder.token_embedder_tokens.weight
2019-04-15 22:54:21,093 - INFO - allennlp.common.from_params - instantiating class <class 'allennlp.data.iterators.data_iterator.DataIterator'> from params {'batch_size': 64, 'sorting_keys': [['name', 'num_tokens']], 'type': 'bucket'} and extras {}
2019-04-15 22:54:21,093 - INFO - allennlp.common.params - iterator.type = bucket
2019-04-15 22:54:21,093 - INFO - allennlp.common.from_params - instantiating class <class 'allennlp.data.iterators.bucket_iterator.BucketIterator'> from params {'batch_size': 64, 'sorting_keys': [['name', 'num_tokens']]} and extras {}
2019-04-15 22:54:21,093 - INFO - allennlp.common.params - iterator.sorting_keys = [['name', 'num_tokens']]
2019-04-15 22:54:21,093 - INFO - allennlp.common.params - iterator.padding_noise = 0.1
2019-04-15 22:54:21,093 - INFO - allennlp.common.params - iterator.biggest_batch_first = False
2019-04-15 22:54:21,093 - INFO - allennlp.common.params - iterator.batch_size = 64
2019-04-15 22:54:21,094 - INFO - allennlp.common.params - iterator.instances_per_epoch = None
2019-04-15 22:54:21,094 - INFO - allennlp.common.params - iterator.max_instances_in_memory = None
2019-04-15 22:54:21,094 - INFO - allennlp.common.params - iterator.cache_instances = False
2019-04-15 22:54:21,094 - INFO - allennlp.common.params - iterator.track_epoch = False
2019-04-15 22:54:21,094 - INFO - allennlp.common.params - iterator.maximum_samples_per_batch = None
2019-04-15 22:54:21,094 - INFO - allennlp.common.params - validation_iterator = None
2019-04-15 22:54:21,094 - INFO - allennlp.common.params - trainer.no_grad = ()
2019-04-15 22:54:21,094 - INFO - allennlp.commands.train - Following parameters are Frozen  (without gradient):
2019-04-15 22:54:21,094 - INFO - allennlp.commands.train - Following parameters are Tunable (with gradient):
2019-04-15 22:54:21,094 - INFO - allennlp.commands.train - name_encoder._module.weight_ih_l0
2019-04-15 22:54:21,094 - INFO - allennlp.commands.train - name_encoder._module.weight_hh_l0
2019-04-15 22:54:21,094 - INFO - allennlp.commands.train - name_encoder._module.bias_ih_l0
2019-04-15 22:54:21,094 - INFO - allennlp.commands.train - name_encoder._module.bias_hh_l0
2019-04-15 22:54:21,094 - INFO - allennlp.commands.train - text_field_embedder.token_embedder_tokens.weight
2019-04-15 22:54:21,094 - INFO - allennlp.commands.train - classifier_feedforward._linear_layers.0.weight
2019-04-15 22:54:21,094 - INFO - allennlp.commands.train - classifier_feedforward._linear_layers.0.bias
2019-04-15 22:54:21,094 - INFO - allennlp.commands.train - classifier_feedforward._linear_layers.1.weight
2019-04-15 22:54:21,094 - INFO - allennlp.commands.train - classifier_feedforward._linear_layers.1.bias
2019-04-15 22:54:21,095 - INFO - allennlp.common.params - trainer.type = default
2019-04-15 22:54:21,095 - INFO - allennlp.common.registrable - instantiating registered subclass default of <class 'allennlp.training.trainer.Trainer'>
2019-04-15 22:54:21,095 - INFO - allennlp.common.params - trainer.patience = 30
2019-04-15 22:54:21,095 - INFO - allennlp.common.params - trainer.validation_metric = +accuracy
2019-04-15 22:54:21,095 - INFO - allennlp.common.params - trainer.shuffle = True
2019-04-15 22:54:21,095 - INFO - allennlp.common.params - trainer.num_epochs = 200
2019-04-15 22:54:21,095 - INFO - allennlp.common.params - trainer.cuda_device = -1
2019-04-15 22:54:21,095 - INFO - allennlp.common.params - trainer.grad_norm = None
2019-04-15 22:54:21,095 - INFO - allennlp.common.params - trainer.grad_clipping = 5
2019-04-15 22:54:21,095 - INFO - allennlp.common.params - trainer.learning_rate_scheduler = None
2019-04-15 22:54:21,095 - INFO - allennlp.common.params - trainer.optimizer.type = adagrad
2019-04-15 22:54:21,095 - INFO - allennlp.common.params - trainer.optimizer.parameter_groups = None
2019-04-15 22:54:21,095 - INFO - allennlp.training.optimizers - Number of trainable parameters: 5170
2019-04-15 22:54:21,096 - INFO - allennlp.common.registrable - instantiating registered subclass adagrad of <class 'allennlp.training.optimizers.Optimizer'>
2019-04-15 22:54:21,096 - INFO - allennlp.common.params - Converting Params object to dict; logging of default values will not occur when dictionary parameters are used subsequently.
2019-04-15 22:54:21,096 - INFO - allennlp.common.params - CURRENTLY DEFINED PARAMETERS: 
2019-04-15 22:54:21,096 - INFO - allennlp.common.params - trainer.num_serialized_models_to_keep = 20
2019-04-15 22:54:21,096 - INFO - allennlp.common.params - trainer.keep_serialized_model_every_num_seconds = None
2019-04-15 22:54:21,096 - INFO - allennlp.common.params - trainer.model_save_interval = None
2019-04-15 22:54:21,096 - INFO - allennlp.common.params - trainer.summary_interval = 100
2019-04-15 22:54:21,096 - INFO - allennlp.common.params - trainer.histogram_interval = None
2019-04-15 22:54:21,096 - INFO - allennlp.common.params - trainer.should_log_parameter_statistics = True
2019-04-15 22:54:21,096 - INFO - allennlp.common.params - trainer.should_log_learning_rate = False
2019-04-15 22:54:21,097 - INFO - allennlp.common.params - evaluate_on_test = False
2019-04-15 22:54:21,098 - INFO - allennlp.training.trainer - Beginning training.
2019-04-15 22:54:21,098 - INFO - allennlp.training.trainer - Epoch 0/199
2019-04-15 22:54:21,098 - INFO - allennlp.training.trainer - Peak CPU memory usage MB: 197.016
2019-04-15 22:54:21,104 - INFO - allennlp.training.trainer - Training
2019-04-15 22:54:21,126 - INFO - allennlp.training.trainer - Validating
2019-04-15 22:54:21,130 - INFO - allennlp.training.trainer -              Training |  Validation
2019-04-15 22:54:21,130 - INFO - allennlp.training.trainer - loss     |     2.876  |     2.958
2019-04-15 22:54:21,130 - INFO - allennlp.training.trainer - accuracy |     0.111  |     0.000
2019-04-15 22:54:21,132 - INFO - allennlp.training.trainer - Best validation performance so far. Copying weights to './output/best.th'.
2019-04-15 22:54:21,132 - INFO - allennlp.training.trainer - Epoch duration: 00:00:00
2019-04-15 22:54:21,132 - INFO - allennlp.training.trainer - Estimated training time remaining: 0:00:06
2019-04-15 22:54:21,132 - INFO - allennlp.training.trainer - Epoch 1/199
2019-04-15 22:54:21,132 - INFO - allennlp.training.trainer - Peak CPU memory usage MB: 200.576
2019-04-15 22:54:21,147 - INFO - allennlp.training.trainer - Training
2019-04-15 22:54:21,170 - INFO - allennlp.training.trainer - Validating
2019-04-15 22:54:21,173 - INFO - allennlp.training.trainer -              Training |  Validation
2019-04-15 22:54:21,174 - INFO - allennlp.training.trainer - loss     |     2.780  |     3.020
2019-04-15 22:54:21,174 - INFO - allennlp.training.trainer - accuracy |     0.333  |     0.000
2019-04-15 22:54:21,178 - INFO - allennlp.training.trainer - Epoch duration: 00:00:00
2019-04-15 22:54:21,178 - INFO - allennlp.training.trainer - Estimated training time remaining: 0:00:08
2019-04-15 22:54:21,179 - INFO - allennlp.training.trainer - Epoch 2/199
2019-04-15 22:54:21,179 - INFO - allennlp.training.trainer - Peak CPU memory usage MB: 200.704
2019-04-15 22:54:21,190 - INFO - allennlp.training.trainer - Training
2019-04-15 22:54:21,206 - INFO - allennlp.training.trainer - Validating
2019-04-15 22:54:21,214 - INFO - allennlp.training.trainer -              Training |  Validation
2019-04-15 22:54:21,215 - INFO - allennlp.training.trainer - loss     |     2.669  |     3.154
2019-04-15 22:54:21,215 - INFO - allennlp.training.trainer - accuracy |     0.333  |     0.000
2019-04-15 22:54:21,217 - INFO - allennlp.training.trainer - Epoch duration: 00:00:00
2019-04-15 22:54:21,217 - INFO - allennlp.training.trainer - Estimated training time remaining: 0:00:07
2019-04-15 22:54:21,217 - INFO - allennlp.training.trainer - Epoch 3/199
2019-04-15 22:54:21,217 - INFO - allennlp.training.trainer - Peak CPU memory usage MB: 200.724
2019-04-15 22:54:21,224 - INFO - allennlp.training.trainer - Training
2019-04-15 22:54:21,232 - INFO - allennlp.training.trainer - Validating
2019-04-15 22:54:21,240 - INFO - allennlp.training.trainer -              Training |  Validation
2019-04-15 22:54:21,241 - INFO - allennlp.training.trainer - loss     |     2.522  |     3.391
2019-04-15 22:54:21,241 - INFO - allennlp.training.trainer - accuracy |     0.333  |     0.000
2019-04-15 22:54:21,243 - INFO - allennlp.training.trainer - Epoch duration: 00:00:00
2019-04-15 22:54:21,244 - INFO - allennlp.training.trainer - Estimated training time remaining: 0:00:07
2019-04-15 22:54:21,244 - INFO - allennlp.training.trainer - Epoch 4/199
2019-04-15 22:54:21,244 - INFO - allennlp.training.trainer - Peak CPU memory usage MB: 200.74
2019-04-15 22:54:21,254 - INFO - allennlp.training.trainer - Training
2019-04-15 22:54:21,273 - INFO - allennlp.training.trainer - Validating
2019-04-15 22:54:21,279 - INFO - allennlp.training.trainer -              Training |  Validation
2019-04-15 22:54:21,280 - INFO - allennlp.training.trainer - loss     |     2.359  |     3.698
2019-04-15 22:54:21,280 - INFO - allennlp.training.trainer - accuracy |     0.333  |     0.000
2019-04-15 22:54:21,283 - INFO - allennlp.training.trainer - Epoch duration: 00:00:00
2019-04-15 22:54:21,283 - INFO - allennlp.training.trainer - Estimated training time remaining: 0:00:07
2019-04-15 22:54:21,283 - INFO - allennlp.training.trainer - Epoch 5/199
2019-04-15 22:54:21,283 - INFO - allennlp.training.trainer - Peak CPU memory usage MB: 200.74
2019-04-15 22:54:21,293 - INFO - allennlp.training.trainer - Training
2019-04-15 22:54:21,303 - INFO - allennlp.training.trainer - Validating
2019-04-15 22:54:21,309 - INFO - allennlp.training.trainer -              Training |  Validation
2019-04-15 22:54:21,310 - INFO - allennlp.training.trainer - loss     |     2.230  |     3.942
2019-04-15 22:54:21,310 - INFO - allennlp.training.trainer - accuracy |     0.278  |     0.000
2019-04-15 22:54:21,312 - INFO - allennlp.training.trainer - Epoch duration: 00:00:00
2019-04-15 22:54:21,313 - INFO - allennlp.training.trainer - Estimated training time remaining: 0:00:06
2019-04-15 22:54:21,313 - INFO - allennlp.training.trainer - Epoch 6/199
2019-04-15 22:54:21,313 - INFO - allennlp.training.trainer - Peak CPU memory usage MB: 200.748
2019-04-15 22:54:21,323 - INFO - allennlp.training.trainer - Training
2019-04-15 22:54:21,341 - INFO - allennlp.training.trainer - Validating
2019-04-15 22:54:21,346 - INFO - allennlp.training.trainer -              Training |  Validation
2019-04-15 22:54:21,347 - INFO - allennlp.training.trainer - loss     |     2.139  |     4.140
2019-04-15 22:54:21,348 - INFO - allennlp.training.trainer - accuracy |     0.167  |     0.000
2019-04-15 22:54:21,351 - INFO - allennlp.training.trainer - Epoch duration: 00:00:00
2019-04-15 22:54:21,351 - INFO - allennlp.training.trainer - Estimated training time remaining: 0:00:06
2019-04-15 22:54:21,351 - INFO - allennlp.training.trainer - Epoch 7/199
2019-04-15 22:54:21,351 - INFO - allennlp.training.trainer - Peak CPU memory usage MB: 200.748
2019-04-15 22:54:21,361 - INFO - allennlp.training.trainer - Training
2019-04-15 22:54:21,372 - INFO - allennlp.training.trainer - Validating
2019-04-15 22:54:21,377 - INFO - allennlp.training.trainer -              Training |  Validation
2019-04-15 22:54:21,378 - INFO - allennlp.training.trainer - loss     |     2.068  |     4.236
2019-04-15 22:54:21,378 - INFO - allennlp.training.trainer - accuracy |     0.333  |     0.000
2019-04-15 22:54:21,380 - INFO - allennlp.training.trainer - Epoch duration: 00:00:00
2019-04-15 22:54:21,380 - INFO - allennlp.training.trainer - Estimated training time remaining: 0:00:06
2019-04-15 22:54:21,380 - INFO - allennlp.training.trainer - Epoch 8/199
2019-04-15 22:54:21,380 - INFO - allennlp.training.trainer - Peak CPU memory usage MB: 200.76
2019-04-15 22:54:21,391 - INFO - allennlp.training.trainer - Training
2019-04-15 22:54:21,408 - INFO - allennlp.training.trainer - Validating
2019-04-15 22:54:21,412 - INFO - allennlp.training.trainer -              Training |  Validation
2019-04-15 22:54:21,412 - INFO - allennlp.training.trainer - loss     |     1.998  |     4.326
2019-04-15 22:54:21,412 - INFO - allennlp.training.trainer - accuracy |     0.333  |     0.056
2019-04-15 22:54:21,414 - INFO - allennlp.training.trainer - Best validation performance so far. Copying weights to './output/best.th'.
2019-04-15 22:54:21,414 - INFO - allennlp.training.trainer - Epoch duration: 00:00:00
2019-04-15 22:54:21,414 - INFO - allennlp.training.trainer - Estimated training time remaining: 0:00:06
2019-04-15 22:54:21,414 - INFO - allennlp.training.trainer - Epoch 9/199
2019-04-15 22:54:21,414 - INFO - allennlp.training.trainer - Peak CPU memory usage MB: 200.76
2019-04-15 22:54:21,424 - INFO - allennlp.training.trainer - Training
2019-04-15 22:54:21,432 - INFO - allennlp.training.trainer - Validating
2019-04-15 22:54:21,435 - INFO - allennlp.training.trainer -              Training |  Validation
2019-04-15 22:54:21,436 - INFO - allennlp.training.trainer - loss     |     1.932  |     4.394
2019-04-15 22:54:21,436 - INFO - allennlp.training.trainer - accuracy |     0.500  |     0.000
2019-04-15 22:54:21,437 - INFO - allennlp.training.trainer - Epoch duration: 00:00:00
2019-04-15 22:54:21,438 - INFO - allennlp.training.trainer - Estimated training time remaining: 0:00:06
2019-04-15 22:54:21,438 - INFO - allennlp.training.trainer - Epoch 10/199
2019-04-15 22:54:21,438 - INFO - allennlp.training.trainer - Peak CPU memory usage MB: 200.76
2019-04-15 22:54:21,447 - INFO - allennlp.training.trainer - Training
2019-04-15 22:54:21,454 - INFO - allennlp.training.trainer - Validating
2019-04-15 22:54:21,457 - INFO - allennlp.training.trainer -              Training |  Validation
2019-04-15 22:54:21,458 - INFO - allennlp.training.trainer - loss     |     1.855  |     4.409
2019-04-15 22:54:21,458 - INFO - allennlp.training.trainer - accuracy |     0.444  |     0.056
2019-04-15 22:54:21,459 - INFO - allennlp.training.trainer - Epoch duration: 00:00:00
2019-04-15 22:54:21,459 - INFO - allennlp.training.trainer - Estimated training time remaining: 0:00:06
2019-04-15 22:54:21,460 - INFO - allennlp.training.trainer - Epoch 11/199
2019-04-15 22:54:21,460 - INFO - allennlp.training.trainer - Peak CPU memory usage MB: 200.76
2019-04-15 22:54:21,468 - INFO - allennlp.training.trainer - Training
2019-04-15 22:54:21,476 - INFO - allennlp.training.trainer - Validating
2019-04-15 22:54:21,479 - INFO - allennlp.training.trainer -              Training |  Validation
2019-04-15 22:54:21,479 - INFO - allennlp.training.trainer - loss     |     1.775  |     4.473
2019-04-15 22:54:21,479 - INFO - allennlp.training.trainer - accuracy |     0.556  |     0.000
2019-04-15 22:54:21,481 - INFO - allennlp.training.trainer - Epoch duration: 00:00:00
2019-04-15 22:54:21,481 - INFO - allennlp.training.trainer - Estimated training time remaining: 0:00:06
2019-04-15 22:54:21,481 - INFO - allennlp.training.trainer - Epoch 12/199
2019-04-15 22:54:21,481 - INFO - allennlp.training.trainer - Peak CPU memory usage MB: 200.76
2019-04-15 22:54:21,491 - INFO - allennlp.training.trainer - Training
2019-04-15 22:54:21,497 - INFO - allennlp.training.trainer - Validating
2019-04-15 22:54:21,500 - INFO - allennlp.training.trainer -              Training |  Validation
2019-04-15 22:54:21,500 - INFO - allennlp.training.trainer - loss     |     1.688  |     4.468
2019-04-15 22:54:21,501 - INFO - allennlp.training.trainer - accuracy |     0.611  |     0.000
2019-04-15 22:54:21,502 - INFO - allennlp.training.trainer - Epoch duration: 00:00:00
2019-04-15 22:54:21,502 - INFO - allennlp.training.trainer - Estimated training time remaining: 0:00:05
2019-04-15 22:54:21,503 - INFO - allennlp.training.trainer - Epoch 13/199
2019-04-15 22:54:21,503 - INFO - allennlp.training.trainer - Peak CPU memory usage MB: 200.76
2019-04-15 22:54:21,513 - INFO - allennlp.training.trainer - Training
2019-04-15 22:54:21,520 - INFO - allennlp.training.trainer - Validating
2019-04-15 22:54:21,523 - INFO - allennlp.training.trainer -              Training |  Validation
2019-04-15 22:54:21,523 - INFO - allennlp.training.trainer - loss     |     1.593  |     4.591
2019-04-15 22:54:21,524 - INFO - allennlp.training.trainer - accuracy |     0.611  |     0.000
2019-04-15 22:54:21,525 - INFO - allennlp.training.trainer - Epoch duration: 00:00:00
2019-04-15 22:54:21,525 - INFO - allennlp.training.trainer - Estimated training time remaining: 0:00:05
2019-04-15 22:54:21,526 - INFO - allennlp.training.trainer - Epoch 14/199
2019-04-15 22:54:21,526 - INFO - allennlp.training.trainer - Peak CPU memory usage MB: 200.76
2019-04-15 22:54:21,535 - INFO - allennlp.training.trainer - Training
2019-04-15 22:54:21,544 - INFO - allennlp.training.trainer - Validating
2019-04-15 22:54:21,547 - INFO - allennlp.training.trainer -              Training |  Validation
2019-04-15 22:54:21,547 - INFO - allennlp.training.trainer - loss     |     1.498  |     4.549
2019-04-15 22:54:21,547 - INFO - allennlp.training.trainer - accuracy |     0.611  |     0.000
2019-04-15 22:54:21,549 - INFO - allennlp.training.trainer - Epoch duration: 00:00:00
2019-04-15 22:54:21,549 - INFO - allennlp.training.trainer - Estimated training time remaining: 0:00:05
2019-04-15 22:54:21,549 - INFO - allennlp.training.trainer - Epoch 15/199
2019-04-15 22:54:21,549 - INFO - allennlp.training.trainer - Peak CPU memory usage MB: 200.76
2019-04-15 22:54:21,560 - INFO - allennlp.training.trainer - Training
2019-04-15 22:54:21,571 - INFO - allennlp.training.trainer - Validating
2019-04-15 22:54:21,574 - INFO - allennlp.training.trainer -              Training |  Validation
2019-04-15 22:54:21,575 - INFO - allennlp.training.trainer - loss     |     1.409  |     4.829
2019-04-15 22:54:21,575 - INFO - allennlp.training.trainer - accuracy |     0.611  |     0.000
2019-04-15 22:54:21,576 - INFO - allennlp.training.trainer - Epoch duration: 00:00:00
2019-04-15 22:54:21,576 - INFO - allennlp.training.trainer - Estimated training time remaining: 0:00:05
2019-04-15 22:54:21,576 - INFO - allennlp.training.trainer - Epoch 16/199
2019-04-15 22:54:21,576 - INFO - allennlp.training.trainer - Peak CPU memory usage MB: 200.76
2019-04-15 22:54:21,588 - INFO - allennlp.training.trainer - Training
2019-04-15 22:54:21,594 - INFO - allennlp.training.trainer - Validating
2019-04-15 22:54:21,597 - INFO - allennlp.training.trainer -              Training |  Validation
2019-04-15 22:54:21,598 - INFO - allennlp.training.trainer - loss     |     1.327  |     4.702
2019-04-15 22:54:21,598 - INFO - allennlp.training.trainer - accuracy |     0.611  |     0.000
2019-04-15 22:54:21,599 - INFO - allennlp.training.trainer - Epoch duration: 00:00:00
2019-04-15 22:54:21,599 - INFO - allennlp.training.trainer - Estimated training time remaining: 0:00:05
2019-04-15 22:54:21,599 - INFO - allennlp.training.trainer - Epoch 17/199
2019-04-15 22:54:21,599 - INFO - allennlp.training.trainer - Peak CPU memory usage MB: 200.76
2019-04-15 22:54:21,609 - INFO - allennlp.training.trainer - Training
2019-04-15 22:54:21,618 - INFO - allennlp.training.trainer - Validating
2019-04-15 22:54:21,621 - INFO - allennlp.training.trainer -              Training |  Validation
2019-04-15 22:54:21,622 - INFO - allennlp.training.trainer - loss     |     1.249  |     5.043
2019-04-15 22:54:21,622 - INFO - allennlp.training.trainer - accuracy |     0.722  |     0.000
2019-04-15 22:54:21,623 - INFO - allennlp.training.trainer - Epoch duration: 00:00:00
2019-04-15 22:54:21,624 - INFO - allennlp.training.trainer - Estimated training time remaining: 0:00:05
2019-04-15 22:54:21,624 - INFO - allennlp.training.trainer - Epoch 18/199
2019-04-15 22:54:21,624 - INFO - allennlp.training.trainer - Peak CPU memory usage MB: 200.76
2019-04-15 22:54:21,634 - INFO - allennlp.training.trainer - Training
2019-04-15 22:54:21,640 - INFO - allennlp.training.trainer - Validating
2019-04-15 22:54:21,643 - INFO - allennlp.training.trainer -              Training |  Validation
2019-04-15 22:54:21,643 - INFO - allennlp.training.trainer - loss     |     1.181  |     4.867
2019-04-15 22:54:21,644 - INFO - allennlp.training.trainer - accuracy |     0.667  |     0.056
2019-04-15 22:54:21,646 - INFO - allennlp.training.trainer - Epoch duration: 00:00:00
2019-04-15 22:54:21,646 - INFO - allennlp.training.trainer - Estimated training time remaining: 0:00:05
2019-04-15 22:54:21,646 - INFO - allennlp.training.trainer - Epoch 19/199
2019-04-15 22:54:21,646 - INFO - allennlp.training.trainer - Peak CPU memory usage MB: 200.76
2019-04-15 22:54:21,657 - INFO - allennlp.training.trainer - Training
2019-04-15 22:54:21,663 - INFO - allennlp.training.trainer - Validating
2019-04-15 22:54:21,666 - INFO - allennlp.training.trainer -              Training |  Validation
2019-04-15 22:54:21,666 - INFO - allennlp.training.trainer - loss     |     1.110  |     5.170
2019-04-15 22:54:21,667 - INFO - allennlp.training.trainer - accuracy |     0.778  |     0.056
2019-04-15 22:54:21,668 - INFO - allennlp.training.trainer - Epoch duration: 00:00:00
2019-04-15 22:54:21,668 - INFO - allennlp.training.trainer - Estimated training time remaining: 0:00:05
2019-04-15 22:54:21,668 - INFO - allennlp.training.trainer - Epoch 20/199
2019-04-15 22:54:21,668 - INFO - allennlp.training.trainer - Peak CPU memory usage MB: 200.76
2019-04-15 22:54:21,679 - INFO - allennlp.training.trainer - Training
2019-04-15 22:54:21,685 - INFO - allennlp.training.trainer - Validating
2019-04-15 22:54:21,688 - INFO - allennlp.training.trainer -              Training |  Validation
2019-04-15 22:54:21,689 - INFO - allennlp.training.trainer - loss     |     1.051  |     5.059
2019-04-15 22:54:21,689 - INFO - allennlp.training.trainer - accuracy |     0.833  |     0.056
2019-04-15 22:54:21,690 - INFO - allennlp.training.trainer - Epoch duration: 00:00:00
2019-04-15 22:54:21,690 - INFO - allennlp.training.trainer - Estimated training time remaining: 0:00:05
2019-04-15 22:54:21,690 - INFO - allennlp.training.trainer - Epoch 21/199
2019-04-15 22:54:21,690 - INFO - allennlp.training.trainer - Peak CPU memory usage MB: 200.76
2019-04-15 22:54:21,700 - INFO - allennlp.training.trainer - Training
2019-04-15 22:54:21,707 - INFO - allennlp.training.trainer - Validating
2019-04-15 22:54:21,711 - INFO - allennlp.training.trainer -              Training |  Validation
2019-04-15 22:54:21,711 - INFO - allennlp.training.trainer - loss     |     0.988  |     5.249
2019-04-15 22:54:21,711 - INFO - allennlp.training.trainer - accuracy |     0.833  |     0.056
2019-04-15 22:54:21,713 - INFO - allennlp.training.trainer - Epoch duration: 00:00:00
2019-04-15 22:54:21,713 - INFO - allennlp.training.trainer - Estimated training time remaining: 0:00:04
2019-04-15 22:54:21,713 - INFO - allennlp.training.trainer - Epoch 22/199
2019-04-15 22:54:21,713 - INFO - allennlp.training.trainer - Peak CPU memory usage MB: 200.76
2019-04-15 22:54:21,722 - INFO - allennlp.training.trainer - Training
2019-04-15 22:54:21,735 - INFO - allennlp.training.trainer - Validating
2019-04-15 22:54:21,739 - INFO - allennlp.training.trainer -              Training |  Validation
2019-04-15 22:54:21,739 - INFO - allennlp.training.trainer - loss     |     0.936  |     5.241
2019-04-15 22:54:21,740 - INFO - allennlp.training.trainer - accuracy |     0.833  |     0.056
2019-04-15 22:54:21,741 - INFO - allennlp.training.trainer - Epoch duration: 00:00:00
2019-04-15 22:54:21,742 - INFO - allennlp.training.trainer - Estimated training time remaining: 0:00:04
2019-04-15 22:54:21,742 - INFO - allennlp.training.trainer - Epoch 23/199
2019-04-15 22:54:21,742 - INFO - allennlp.training.trainer - Peak CPU memory usage MB: 200.76
2019-04-15 22:54:21,751 - INFO - allennlp.training.trainer - Training
2019-04-15 22:54:21,758 - INFO - allennlp.training.trainer - Validating
2019-04-15 22:54:21,761 - INFO - allennlp.training.trainer -              Training |  Validation
2019-04-15 22:54:21,761 - INFO - allennlp.training.trainer - loss     |     0.886  |     5.361
2019-04-15 22:54:21,761 - INFO - allennlp.training.trainer - accuracy |     0.889  |     0.056
2019-04-15 22:54:21,763 - INFO - allennlp.training.trainer - Epoch duration: 00:00:00
2019-04-15 22:54:21,763 - INFO - allennlp.training.trainer - Estimated training time remaining: 0:00:04
2019-04-15 22:54:21,763 - INFO - allennlp.training.trainer - Epoch 24/199
2019-04-15 22:54:21,763 - INFO - allennlp.training.trainer - Peak CPU memory usage MB: 200.76
2019-04-15 22:54:21,773 - INFO - allennlp.training.trainer - Training
2019-04-15 22:54:21,779 - INFO - allennlp.training.trainer - Validating
2019-04-15 22:54:21,783 - INFO - allennlp.training.trainer -              Training |  Validation
2019-04-15 22:54:21,783 - INFO - allennlp.training.trainer - loss     |     0.843  |     5.404
2019-04-15 22:54:21,783 - INFO - allennlp.training.trainer - accuracy |     0.889  |     0.056
2019-04-15 22:54:21,785 - INFO - allennlp.training.trainer - Epoch duration: 00:00:00
2019-04-15 22:54:21,785 - INFO - allennlp.training.trainer - Estimated training time remaining: 0:00:04
2019-04-15 22:54:21,785 - INFO - allennlp.training.trainer - Epoch 25/199
2019-04-15 22:54:21,785 - INFO - allennlp.training.trainer - Peak CPU memory usage MB: 200.76
2019-04-15 22:54:21,794 - INFO - allennlp.training.trainer - Training
2019-04-15 22:54:21,807 - INFO - allennlp.training.trainer - Validating
2019-04-15 22:54:21,811 - INFO - allennlp.training.trainer -              Training |  Validation
2019-04-15 22:54:21,811 - INFO - allennlp.training.trainer - loss     |     0.803  |     5.500
2019-04-15 22:54:21,812 - INFO - allennlp.training.trainer - accuracy |     0.944  |     0.056
2019-04-15 22:54:21,813 - INFO - allennlp.training.trainer - Epoch duration: 00:00:00
2019-04-15 22:54:21,814 - INFO - allennlp.training.trainer - Estimated training time remaining: 0:00:04
2019-04-15 22:54:21,814 - INFO - allennlp.training.trainer - Epoch 26/199
2019-04-15 22:54:21,814 - INFO - allennlp.training.trainer - Peak CPU memory usage MB: 200.76
2019-04-15 22:54:21,825 - INFO - allennlp.training.trainer - Training
2019-04-15 22:54:21,834 - INFO - allennlp.training.trainer - Validating
2019-04-15 22:54:21,839 - INFO - allennlp.training.trainer -              Training |  Validation
2019-04-15 22:54:21,840 - INFO - allennlp.training.trainer - loss     |     0.764  |     5.545
2019-04-15 22:54:21,840 - INFO - allennlp.training.trainer - accuracy |     0.944  |     0.056
2019-04-15 22:54:21,842 - INFO - allennlp.training.trainer - Epoch duration: 00:00:00
2019-04-15 22:54:21,842 - INFO - allennlp.training.trainer - Estimated training time remaining: 0:00:04
2019-04-15 22:54:21,842 - INFO - allennlp.training.trainer - Epoch 27/199
2019-04-15 22:54:21,842 - INFO - allennlp.training.trainer - Peak CPU memory usage MB: 200.76
2019-04-15 22:54:21,849 - INFO - allennlp.training.trainer - Training
2019-04-15 22:54:21,860 - INFO - allennlp.training.trainer - Validating
2019-04-15 22:54:21,863 - INFO - allennlp.training.trainer -              Training |  Validation
2019-04-15 22:54:21,864 - INFO - allennlp.training.trainer - loss     |     0.730  |     5.647
2019-04-15 22:54:21,864 - INFO - allennlp.training.trainer - accuracy |     0.944  |     0.056
2019-04-15 22:54:21,865 - INFO - allennlp.training.trainer - Epoch duration: 00:00:00
2019-04-15 22:54:21,865 - INFO - allennlp.training.trainer - Estimated training time remaining: 0:00:04
2019-04-15 22:54:21,866 - INFO - allennlp.training.trainer - Epoch 28/199
2019-04-15 22:54:21,866 - INFO - allennlp.training.trainer - Peak CPU memory usage MB: 200.76
2019-04-15 22:54:21,875 - INFO - allennlp.training.trainer - Training
2019-04-15 22:54:21,881 - INFO - allennlp.training.trainer - Validating
2019-04-15 22:54:21,885 - INFO - allennlp.training.trainer -              Training |  Validation
2019-04-15 22:54:21,885 - INFO - allennlp.training.trainer - loss     |     0.697  |     5.648
2019-04-15 22:54:21,885 - INFO - allennlp.training.trainer - accuracy |     0.944  |     0.056
2019-04-15 22:54:21,887 - INFO - allennlp.training.trainer - Epoch duration: 00:00:00
2019-04-15 22:54:21,887 - INFO - allennlp.training.trainer - Estimated training time remaining: 0:00:04
2019-04-15 22:54:21,887 - INFO - allennlp.training.trainer - Epoch 29/199
2019-04-15 22:54:21,887 - INFO - allennlp.training.trainer - Peak CPU memory usage MB: 200.76
2019-04-15 22:54:21,897 - INFO - allennlp.training.trainer - Training
2019-04-15 22:54:21,903 - INFO - allennlp.training.trainer - Validating
2019-04-15 22:54:21,907 - INFO - allennlp.training.trainer -              Training |  Validation
2019-04-15 22:54:21,907 - INFO - allennlp.training.trainer - loss     |     0.666  |     5.805
2019-04-15 22:54:21,907 - INFO - allennlp.training.trainer - accuracy |     0.944  |     0.056
2019-04-15 22:54:21,909 - INFO - allennlp.training.trainer - Epoch duration: 00:00:00
2019-04-15 22:54:21,909 - INFO - allennlp.training.trainer - Estimated training time remaining: 0:00:04
2019-04-15 22:54:21,909 - INFO - allennlp.training.trainer - Epoch 30/199
2019-04-15 22:54:21,909 - INFO - allennlp.training.trainer - Peak CPU memory usage MB: 200.76
2019-04-15 22:54:21,918 - INFO - allennlp.training.trainer - Training
2019-04-15 22:54:21,931 - INFO - allennlp.training.trainer - Validating
2019-04-15 22:54:21,935 - INFO - allennlp.training.trainer -              Training |  Validation
2019-04-15 22:54:21,935 - INFO - allennlp.training.trainer - loss     |     0.637  |     5.765
2019-04-15 22:54:21,935 - INFO - allennlp.training.trainer - accuracy |     0.944  |     0.056
2019-04-15 22:54:21,937 - INFO - allennlp.training.trainer - Epoch duration: 00:00:00
2019-04-15 22:54:21,937 - INFO - allennlp.training.trainer - Estimated training time remaining: 0:00:04
2019-04-15 22:54:21,937 - INFO - allennlp.training.trainer - Epoch 31/199
2019-04-15 22:54:21,938 - INFO - allennlp.training.trainer - Peak CPU memory usage MB: 200.76
2019-04-15 22:54:21,948 - INFO - allennlp.training.trainer - Training
2019-04-15 22:54:21,966 - INFO - allennlp.training.trainer - Validating
2019-04-15 22:54:21,971 - INFO - allennlp.training.trainer -              Training |  Validation
2019-04-15 22:54:21,972 - INFO - allennlp.training.trainer - loss     |     0.611  |     5.906
2019-04-15 22:54:21,972 - INFO - allennlp.training.trainer - accuracy |     0.944  |     0.056
2019-04-15 22:54:21,974 - INFO - allennlp.training.trainer - Epoch duration: 00:00:00
2019-04-15 22:54:21,975 - INFO - allennlp.training.trainer - Estimated training time remaining: 0:00:04
2019-04-15 22:54:21,975 - INFO - allennlp.training.trainer - Epoch 32/199
2019-04-15 22:54:21,975 - INFO - allennlp.training.trainer - Peak CPU memory usage MB: 200.76
2019-04-15 22:54:21,985 - INFO - allennlp.training.trainer - Training
2019-04-15 22:54:21,994 - INFO - allennlp.training.trainer - Validating
2019-04-15 22:54:21,998 - INFO - allennlp.training.trainer -              Training |  Validation
2019-04-15 22:54:21,998 - INFO - allennlp.training.trainer - loss     |     0.583  |     5.906
2019-04-15 22:54:21,998 - INFO - allennlp.training.trainer - accuracy |     0.944  |     0.056
2019-04-15 22:54:22,000 - INFO - allennlp.training.trainer - Epoch duration: 00:00:00
2019-04-15 22:54:22,000 - INFO - allennlp.training.trainer - Estimated training time remaining: 0:00:04
2019-04-15 22:54:22,000 - INFO - allennlp.training.trainer - Epoch 33/199
2019-04-15 22:54:22,000 - INFO - allennlp.training.trainer - Peak CPU memory usage MB: 200.76
2019-04-15 22:54:22,011 - INFO - allennlp.training.trainer - Training
2019-04-15 22:54:22,017 - INFO - allennlp.training.trainer - Validating
2019-04-15 22:54:22,020 - INFO - allennlp.training.trainer -              Training |  Validation
2019-04-15 22:54:22,020 - INFO - allennlp.training.trainer - loss     |     0.558  |     5.991
2019-04-15 22:54:22,020 - INFO - allennlp.training.trainer - accuracy |     0.944  |     0.056
2019-04-15 22:54:22,022 - INFO - allennlp.training.trainer - Epoch duration: 00:00:00
2019-04-15 22:54:22,022 - INFO - allennlp.training.trainer - Estimated training time remaining: 0:00:04
2019-04-15 22:54:22,022 - INFO - allennlp.training.trainer - Epoch 34/199
2019-04-15 22:54:22,022 - INFO - allennlp.training.trainer - Peak CPU memory usage MB: 200.76
2019-04-15 22:54:22,033 - INFO - allennlp.training.trainer - Training
2019-04-15 22:54:22,044 - INFO - allennlp.training.trainer - Validating
2019-04-15 22:54:22,047 - INFO - allennlp.training.trainer -              Training |  Validation
2019-04-15 22:54:22,048 - INFO - allennlp.training.trainer - loss     |     0.535  |     6.041
2019-04-15 22:54:22,048 - INFO - allennlp.training.trainer - accuracy |     0.944  |     0.056
2019-04-15 22:54:22,049 - INFO - allennlp.training.trainer - Epoch duration: 00:00:00
2019-04-15 22:54:22,049 - INFO - allennlp.training.trainer - Estimated training time remaining: 0:00:04
2019-04-15 22:54:22,049 - INFO - allennlp.training.trainer - Epoch 35/199
2019-04-15 22:54:22,049 - INFO - allennlp.training.trainer - Peak CPU memory usage MB: 200.76
2019-04-15 22:54:22,060 - INFO - allennlp.training.trainer - Training
2019-04-15 22:54:22,066 - INFO - allennlp.training.trainer - Validating
2019-04-15 22:54:22,069 - INFO - allennlp.training.trainer -              Training |  Validation
2019-04-15 22:54:22,069 - INFO - allennlp.training.trainer - loss     |     0.513  |     6.086
2019-04-15 22:54:22,069 - INFO - allennlp.training.trainer - accuracy |     0.944  |     0.056
2019-04-15 22:54:22,072 - INFO - allennlp.training.trainer - Epoch duration: 00:00:00
2019-04-15 22:54:22,072 - INFO - allennlp.training.trainer - Estimated training time remaining: 0:00:04
2019-04-15 22:54:22,072 - INFO - allennlp.training.trainer - Epoch 36/199
2019-04-15 22:54:22,072 - INFO - allennlp.training.trainer - Peak CPU memory usage MB: 200.76
2019-04-15 22:54:22,081 - INFO - allennlp.training.trainer - Training
2019-04-15 22:54:22,087 - INFO - allennlp.training.trainer - Validating
2019-04-15 22:54:22,091 - INFO - allennlp.training.trainer -              Training |  Validation
2019-04-15 22:54:22,091 - INFO - allennlp.training.trainer - loss     |     0.492  |     6.175
2019-04-15 22:54:22,091 - INFO - allennlp.training.trainer - accuracy |     0.944  |     0.056
2019-04-15 22:54:22,093 - INFO - allennlp.training.trainer - Epoch duration: 00:00:00
2019-04-15 22:54:22,093 - INFO - allennlp.training.trainer - Estimated training time remaining: 0:00:04
2019-04-15 22:54:22,093 - INFO - allennlp.training.trainer - Epoch 37/199
2019-04-15 22:54:22,093 - INFO - allennlp.training.trainer - Peak CPU memory usage MB: 200.76
2019-04-15 22:54:22,102 - INFO - allennlp.training.trainer - Training
2019-04-15 22:54:22,108 - INFO - allennlp.training.trainer - Validating
2019-04-15 22:54:22,111 - INFO - allennlp.training.trainer -              Training |  Validation
2019-04-15 22:54:22,111 - INFO - allennlp.training.trainer - loss     |     0.473  |     6.153
2019-04-15 22:54:22,111 - INFO - allennlp.training.trainer - accuracy |     0.944  |     0.056
2019-04-15 22:54:22,113 - INFO - allennlp.training.trainer - Epoch duration: 00:00:00
2019-04-15 22:54:22,113 - INFO - allennlp.training.trainer - Estimated training time remaining: 0:00:04
2019-04-15 22:54:22,113 - INFO - allennlp.training.trainer - Epoch 38/199
2019-04-15 22:54:22,113 - INFO - allennlp.training.trainer - Peak CPU memory usage MB: 200.76
2019-04-15 22:54:22,127 - INFO - allennlp.training.trainer - Training
2019-04-15 22:54:22,136 - INFO - allennlp.training.trainer - Validating
2019-04-15 22:54:22,139 - INFO - allennlp.training.trainer - Ran out of patience.  Stopping training.
2019-04-15 22:54:22,140 - INFO - allennlp.models.archival - archiving weights and vocabulary to ./output/model.tar.gz
2019-04-15 22:54:22,143 - INFO - allennlp.commands.train - Loading the best epoch weights.
2019-04-15 22:54:22,144 - INFO - allennlp.common.util - Metrics: {
  "training_duration": "00:00:01",
  "training_start_epoch": 0,
  "training_epochs": 37,
  "epoch": 37,
  "training_accuracy": 0.9444444444444444,
  "training_loss": 0.47344669699668884,
  "validation_accuracy": 0.05555555555555555,
  "validation_loss": 6.152934551239014,
  "best_epoch": 8,
  "best_validation_accuracy": 0.05555555555555555,
  "best_validation_loss": 4.326207160949707
}
language Irish
language Irish
language Irish
language Chinese
language Russian
language Dutch
language English
language Polish
language German
language Russian
language Vietnamese
language German
language Greek
language Dutch
language German
language Chinese
language English
language Greek
language Czech
language Scottish
language Korean
language German
language Japanese
language Scottish
language Vietnamese
language Dutch
language Korean
language Spanish
language Italian
language Italian
language Spanish
language Scottish
language Czech
language Japanese
language Scottish
language Korean
